{"/Users/kellywillard/hrsf124/Robinhood/RobinHood-About/database/Company.js": {"path":"/Users/kellywillard/hrsf124/Robinhood/RobinHood-About/database/Company.js","statementMap":{"0":{"start":{"line":1,"column":17},"end":{"line":1,"column":36}},"1":{"start":{"line":2,"column":11},"end":{"line":2,"column":32}},"2":{"start":{"line":3,"column":0},"end":{"line":3,"column":34}},"3":{"start":{"line":5,"column":24},"end":{"line":23,"column":2}},"4":{"start":{"line":26,"column":14},"end":{"line":26,"column":58}},"5":{"start":{"line":28,"column":0},"end":{"line":28,"column":25}}},"fnMap":{},"branchMap":{},"s":{"0":1,"1":1,"2":1,"3":1,"4":1,"5":1},"f":{},"b":{},"_coverageSchema":"43e27e138ebf9cfc5966b082cf9a028302ed4184","hash":"4306584e29f6ec3c2b399cd84449225462863982"}
,"/Users/kellywillard/hrsf124/Robinhood/RobinHood-About/database/index.js": {"path":"/Users/kellywillard/hrsf124/Robinhood/RobinHood-About/database/index.js","statementMap":{"0":{"start":{"line":1,"column":17},"end":{"line":1,"column":36}},"1":{"start":{"line":2,"column":17},"end":{"line":2,"column":39}},"2":{"start":{"line":4,"column":11},"end":{"line":4,"column":90}},"3":{"start":{"line":6,"column":0},"end":{"line":6,"column":20}}},"fnMap":{},"branchMap":{},"s":{"0":1,"1":1,"2":1,"3":1},"f":{},"b":{},"_coverageSchema":"43e27e138ebf9cfc5966b082cf9a028302ed4184","hash":"3d0f11c77cf3a58a8469875b9407ce79f0a2f25d"}
,"/Users/kellywillard/hrsf124/Robinhood/RobinHood-About/src/About.jsx": {"path":"/Users/kellywillard/hrsf124/Robinhood/RobinHood-About/src/About.jsx","statementMap":{"0":{"start":{"line":8,"column":6},"end":{"line":8,"column":14}},"1":{"start":{"line":9,"column":6},"end":{"line":14,"column":7}},"2":{"start":{"line":15,"column":6},"end":{"line":15,"column":53}},"3":{"start":{"line":16,"column":6},"end":{"line":16,"column":53}},"4":{"start":{"line":20,"column":4},"end":{"line":25,"column":6}},"5":{"start":{"line":21,"column":8},"end":{"line":21,"column":72}},"6":{"start":{"line":22,"column":8},"end":{"line":22,"column":51}},"7":{"start":{"line":29,"column":4},"end":{"line":29,"column":51}},"8":{"start":{"line":33,"column":4},"end":{"line":33,"column":51}},"9":{"start":{"line":37,"column":6},"end":{"line":51,"column":7}},"10":{"start":{"line":38,"column":10},"end":{"line":46,"column":11}},"11":{"start":{"line":39,"column":14},"end":{"line":41,"column":15}},"12":{"start":{"line":43,"column":14},"end":{"line":45,"column":15}},"13":{"start":{"line":48,"column":10},"end":{"line":50,"column":11}},"14":{"start":{"line":55,"column":6},"end":{"line":103,"column":7}},"15":{"start":{"line":56,"column":10},"end":{"line":75,"column":11}},"16":{"start":{"line":77,"column":8},"end":{"line":102,"column":9}},"17":{"start":{"line":107,"column":6},"end":{"line":109,"column":7}}},"fnMap":{"0":{"name":"(anonymous_0)","decl":{"start":{"line":7,"column":2},"end":{"line":7,"column":3}},"loc":{"start":{"line":7,"column":16},"end":{"line":17,"column":3}},"line":7},"1":{"name":"(anonymous_1)","decl":{"start":{"line":19,"column":2},"end":{"line":19,"column":3}},"loc":{"start":{"line":19,"column":22},"end":{"line":26,"column":3}},"line":19},"2":{"name":"(anonymous_2)","decl":{"start":{"line":20,"column":54},"end":{"line":20,"column":55}},"loc":{"start":{"line":20,"column":68},"end":{"line":23,"column":5}},"line":20},"3":{"name":"(anonymous_3)","decl":{"start":{"line":23,"column":13},"end":{"line":23,"column":14}},"loc":{"start":{"line":23,"column":22},"end":{"line":25,"column":5}},"line":23},"4":{"name":"(anonymous_4)","decl":{"start":{"line":28,"column":2},"end":{"line":28,"column":3}},"loc":{"start":{"line":28,"column":16},"end":{"line":30,"column":3}},"line":28},"5":{"name":"(anonymous_5)","decl":{"start":{"line":32,"column":2},"end":{"line":32,"column":3}},"loc":{"start":{"line":32,"column":16},"end":{"line":34,"column":3}},"line":32},"6":{"name":"(anonymous_6)","decl":{"start":{"line":36,"column":2},"end":{"line":36,"column":3}},"loc":{"start":{"line":36,"column":9},"end":{"line":52,"column":3}},"line":36},"7":{"name":"(anonymous_7)","decl":{"start":{"line":53,"column":2},"end":{"line":53,"column":3}},"loc":{"start":{"line":53,"column":9},"end":{"line":104,"column":3}},"line":53},"8":{"name":"(anonymous_8)","decl":{"start":{"line":106,"column":2},"end":{"line":106,"column":3}},"loc":{"start":{"line":106,"column":11},"end":{"line":110,"column":3}},"line":106}},"branchMap":{"0":{"loc":{"start":{"line":37,"column":6},"end":{"line":51,"column":7}},"type":"if","locations":[{"start":{"line":37,"column":6},"end":{"line":51,"column":7}},{"start":{"line":37,"column":6},"end":{"line":51,"column":7}}],"line":37},"1":{"loc":{"start":{"line":38,"column":10},"end":{"line":46,"column":11}},"type":"if","locations":[{"start":{"line":38,"column":10},"end":{"line":46,"column":11}},{"start":{"line":38,"column":10},"end":{"line":46,"column":11}}],"line":38},"2":{"loc":{"start":{"line":55,"column":6},"end":{"line":103,"column":7}},"type":"if","locations":[{"start":{"line":55,"column":6},"end":{"line":103,"column":7}},{"start":{"line":55,"column":6},"end":{"line":103,"column":7}}],"line":55}},"s":{"0":6,"1":6,"2":6,"3":6,"4":5,"5":0,"6":0,"7":2,"8":2,"9":14,"10":12,"11":6,"12":6,"13":2,"14":14,"15":12,"16":2,"17":14},"f":{"0":6,"1":5,"2":0,"3":0,"4":2,"5":2,"6":14,"7":14,"8":14},"b":{"0":[12,2],"1":[6,6],"2":[12,2]},"_coverageSchema":"43e27e138ebf9cfc5966b082cf9a028302ed4184","hash":"521a5e065e5af940fcb92c19c8ad16732b235bca"}
,"/Users/kellywillard/hrsf124/Robinhood/RobinHood-About/src/Collections.jsx": {"path":"/Users/kellywillard/hrsf124/Robinhood/RobinHood-About/src/Collections.jsx","statementMap":{"0":{"start":{"line":7,"column":6},"end":{"line":7,"column":19}},"1":{"start":{"line":11,"column":6},"end":{"line":17,"column":7}},"2":{"start":{"line":12,"column":8},"end":{"line":16,"column":10}},"3":{"start":{"line":13,"column":12},"end":{"line":15,"column":13}},"4":{"start":{"line":21,"column":6},"end":{"line":27,"column":7}}},"fnMap":{"0":{"name":"(anonymous_0)","decl":{"start":{"line":6,"column":2},"end":{"line":6,"column":3}},"loc":{"start":{"line":6,"column":21},"end":{"line":8,"column":3}},"line":6},"1":{"name":"(anonymous_1)","decl":{"start":{"line":10,"column":2},"end":{"line":10,"column":3}},"loc":{"start":{"line":10,"column":19},"end":{"line":18,"column":3}},"line":10},"2":{"name":"(anonymous_2)","decl":{"start":{"line":12,"column":34},"end":{"line":12,"column":35}},"loc":{"start":{"line":12,"column":44},"end":{"line":16,"column":9}},"line":12},"3":{"name":"(anonymous_3)","decl":{"start":{"line":20,"column":2},"end":{"line":20,"column":3}},"loc":{"start":{"line":20,"column":11},"end":{"line":28,"column":3}},"line":20}},"branchMap":{"0":{"loc":{"start":{"line":11,"column":6},"end":{"line":17,"column":7}},"type":"if","locations":[{"start":{"line":11,"column":6},"end":{"line":17,"column":7}},{"start":{"line":11,"column":6},"end":{"line":17,"column":7}}],"line":11}},"s":{"0":8,"1":16,"2":2,"3":8,"4":16},"f":{"0":8,"1":16,"2":8,"3":16},"b":{"0":[2,14]},"_coverageSchema":"43e27e138ebf9cfc5966b082cf9a028302ed4184","hash":"25200cbf40142f846d117433aab8a28e8368292b"}
,"/Users/kellywillard/hrsf124/Robinhood/RobinHood-About/src/styled-components/About-style.js": {"path":"/Users/kellywillard/hrsf124/Robinhood/RobinHood-About/src/styled-components/About-style.js","statementMap":{"0":{"start":{"line":3,"column":19},"end":{"line":3,"column":21}},"1":{"start":{"line":5,"column":0},"end":{"line":8,"column":1}},"2":{"start":{"line":6,"column":17},"end":{"line":6,"column":39}},"3":{"start":{"line":7,"column":4},"end":{"line":7,"column":58}},"4":{"start":{"line":10,"column":0},"end":{"line":10,"column":44}},"5":{"start":{"line":12,"column":0},"end":{"line":16,"column":2}},"6":{"start":{"line":18,"column":0},"end":{"line":21,"column":2}},"7":{"start":{"line":23,"column":0},"end":{"line":25,"column":2}},"8":{"start":{"line":27,"column":0},"end":{"line":32,"column":2}},"9":{"start":{"line":34,"column":0},"end":{"line":40,"column":2}},"10":{"start":{"line":42,"column":0},"end":{"line":48,"column":2}},"11":{"start":{"line":50,"column":0},"end":{"line":55,"column":1}},"12":{"start":{"line":56,"column":0},"end":{"line":62,"column":2}},"13":{"start":{"line":64,"column":0},"end":{"line":72,"column":2}},"14":{"start":{"line":74,"column":0},"end":{"line":79,"column":2}},"15":{"start":{"line":81,"column":0},"end":{"line":85,"column":2}}},"fnMap":{"0":{"name":"(anonymous_0)","decl":{"start":{"line":5,"column":25},"end":{"line":5,"column":26}},"loc":{"start":{"line":5,"column":31},"end":{"line":8,"column":1}},"line":5}},"branchMap":{},"s":{"0":1,"1":1,"2":1,"3":1,"4":1,"5":1,"6":1,"7":1,"8":1,"9":1,"10":1,"11":1,"12":1,"13":1,"14":1,"15":1},"f":{"0":1},"b":{},"_coverageSchema":"43e27e138ebf9cfc5966b082cf9a028302ed4184","hash":"4372e8cd3c8650f9b36711cdfb3d44ba275a639e"}
,"/Users/kellywillard/hrsf124/Robinhood/RobinHood-About/src/styled-components/Collections-style.js": {"path":"/Users/kellywillard/hrsf124/Robinhood/RobinHood-About/src/styled-components/Collections-style.js","statementMap":{"0":{"start":{"line":3,"column":24},"end":{"line":3,"column":26}},"1":{"start":{"line":5,"column":0},"end":{"line":8,"column":1}},"2":{"start":{"line":6,"column":17},"end":{"line":6,"column":39}},"3":{"start":{"line":7,"column":4},"end":{"line":7,"column":58}},"4":{"start":{"line":10,"column":0},"end":{"line":10,"column":54}},"5":{"start":{"line":12,"column":0},"end":{"line":18,"column":1}},"6":{"start":{"line":13,"column":4},"end":{"line":17,"column":5}},"7":{"start":{"line":14,"column":8},"end":{"line":14,"column":38}},"8":{"start":{"line":16,"column":8},"end":{"line":16,"column":37}},"9":{"start":{"line":20,"column":0},"end":{"line":20,"column":72}},"10":{"start":{"line":24,"column":0},"end":{"line":28,"column":2}},"11":{"start":{"line":30,"column":0},"end":{"line":35,"column":1}},"12":{"start":{"line":37,"column":0},"end":{"line":45,"column":2}},"13":{"start":{"line":47,"column":0},"end":{"line":49,"column":2}},"14":{"start":{"line":51,"column":0},"end":{"line":69,"column":2}}},"fnMap":{"0":{"name":"(anonymous_0)","decl":{"start":{"line":5,"column":30},"end":{"line":5,"column":31}},"loc":{"start":{"line":5,"column":36},"end":{"line":8,"column":1}},"line":5},"1":{"name":"(anonymous_1)","decl":{"start":{"line":12,"column":39},"end":{"line":12,"column":40}},"loc":{"start":{"line":12,"column":45},"end":{"line":18,"column":1}},"line":12}},"branchMap":{"0":{"loc":{"start":{"line":13,"column":4},"end":{"line":17,"column":5}},"type":"if","locations":[{"start":{"line":13,"column":4},"end":{"line":17,"column":5}},{"start":{"line":13,"column":4},"end":{"line":17,"column":5}}],"line":13}},"s":{"0":2,"1":2,"2":2,"3":2,"4":2,"5":2,"6":2,"7":0,"8":2,"9":2,"10":2,"11":2,"12":2,"13":2,"14":2},"f":{"0":2,"1":2},"b":{"0":[0,2]},"_coverageSchema":"43e27e138ebf9cfc5966b082cf9a028302ed4184","hash":"5d7ab5efc6bc57f640bc7e42dd7cdbd884772a40"}
}
