{"/Users/kellywillard/hrsf124/Robinhood/RobinHood-About/database/Company.js": {"path":"/Users/kellywillard/hrsf124/Robinhood/RobinHood-About/database/Company.js","statementMap":{"0":{"start":{"line":1,"column":17},"end":{"line":1,"column":36}},"1":{"start":{"line":2,"column":11},"end":{"line":2,"column":32}},"2":{"start":{"line":3,"column":0},"end":{"line":3,"column":34}},"3":{"start":{"line":5,"column":24},"end":{"line":23,"column":2}},"4":{"start":{"line":26,"column":14},"end":{"line":26,"column":58}},"5":{"start":{"line":28,"column":0},"end":{"line":28,"column":25}}},"fnMap":{},"branchMap":{},"s":{"0":1,"1":1,"2":1,"3":1,"4":1,"5":1},"f":{},"b":{},"_coverageSchema":"43e27e138ebf9cfc5966b082cf9a028302ed4184","hash":"4306584e29f6ec3c2b399cd84449225462863982"}
,"/Users/kellywillard/hrsf124/Robinhood/RobinHood-About/database/index.js": {"path":"/Users/kellywillard/hrsf124/Robinhood/RobinHood-About/database/index.js","statementMap":{"0":{"start":{"line":1,"column":17},"end":{"line":1,"column":36}},"1":{"start":{"line":2,"column":17},"end":{"line":2,"column":39}},"2":{"start":{"line":4,"column":11},"end":{"line":4,"column":90}},"3":{"start":{"line":6,"column":0},"end":{"line":6,"column":20}}},"fnMap":{},"branchMap":{},"s":{"0":1,"1":1,"2":1,"3":1},"f":{},"b":{},"_coverageSchema":"43e27e138ebf9cfc5966b082cf9a028302ed4184","hash":"3d0f11c77cf3a58a8469875b9407ce79f0a2f25d"}
,"/Users/kellywillard/hrsf124/Robinhood/RobinHood-About/src/About.jsx": {"path":"/Users/kellywillard/hrsf124/Robinhood/RobinHood-About/src/About.jsx","statementMap":{"0":{"start":{"line":6,"column":20},"end":{"line":9,"column":1}},"1":{"start":{"line":7,"column":17},"end":{"line":7,"column":39}},"2":{"start":{"line":8,"column":4},"end":{"line":8,"column":58}},"3":{"start":{"line":11,"column":14},"end":{"line":11,"column":27}},"4":{"start":{"line":13,"column":16},"end":{"line":17,"column":1}},"5":{"start":{"line":19,"column":22},"end":{"line":22,"column":1}},"6":{"start":{"line":24,"column":17},"end":{"line":26,"column":1}},"7":{"start":{"line":28,"column":18},"end":{"line":33,"column":1}},"8":{"start":{"line":35,"column":17},"end":{"line":41,"column":1}},"9":{"start":{"line":43,"column":20},"end":{"line":49,"column":1}},"10":{"start":{"line":51,"column":19},"end":{"line":56,"column":1}},"11":{"start":{"line":57,"column":13},"end":{"line":63,"column":1}},"12":{"start":{"line":65,"column":18},"end":{"line":73,"column":1}},"13":{"start":{"line":75,"column":18},"end":{"line":80,"column":1}},"14":{"start":{"line":82,"column":13},"end":{"line":88,"column":1}},"15":{"start":{"line":82,"column":41},"end":{"line":84,"column":1}},"16":{"start":{"line":92,"column":6},"end":{"line":92,"column":14}},"17":{"start":{"line":93,"column":6},"end":{"line":98,"column":7}},"18":{"start":{"line":99,"column":6},"end":{"line":99,"column":53}},"19":{"start":{"line":100,"column":6},"end":{"line":100,"column":53}},"20":{"start":{"line":104,"column":6},"end":{"line":104,"column":35}},"21":{"start":{"line":105,"column":4},"end":{"line":112,"column":6}},"22":{"start":{"line":106,"column":8},"end":{"line":106,"column":72}},"23":{"start":{"line":107,"column":8},"end":{"line":107,"column":51}},"24":{"start":{"line":108,"column":8},"end":{"line":108,"column":34}},"25":{"start":{"line":109,"column":8},"end":{"line":109,"column":46}},"26":{"start":{"line":111,"column":8},"end":{"line":111,"column":24}},"27":{"start":{"line":116,"column":4},"end":{"line":116,"column":51}},"28":{"start":{"line":120,"column":4},"end":{"line":120,"column":51}},"29":{"start":{"line":121,"column":4},"end":{"line":121,"column":36}},"30":{"start":{"line":125,"column":6},"end":{"line":139,"column":7}},"31":{"start":{"line":126,"column":10},"end":{"line":134,"column":11}},"32":{"start":{"line":127,"column":14},"end":{"line":129,"column":15}},"33":{"start":{"line":131,"column":14},"end":{"line":133,"column":15}},"34":{"start":{"line":136,"column":10},"end":{"line":138,"column":11}},"35":{"start":{"line":143,"column":6},"end":{"line":191,"column":7}},"36":{"start":{"line":144,"column":10},"end":{"line":163,"column":11}},"37":{"start":{"line":165,"column":8},"end":{"line":190,"column":9}},"38":{"start":{"line":195,"column":6},"end":{"line":197,"column":7}}},"fnMap":{"0":{"name":"(anonymous_0)","decl":{"start":{"line":6,"column":20},"end":{"line":6,"column":21}},"loc":{"start":{"line":6,"column":26},"end":{"line":9,"column":1}},"line":6},"1":{"name":"(anonymous_1)","decl":{"start":{"line":82,"column":31},"end":{"line":82,"column":32}},"loc":{"start":{"line":82,"column":41},"end":{"line":84,"column":1}},"line":82},"2":{"name":"(anonymous_2)","decl":{"start":{"line":91,"column":2},"end":{"line":91,"column":3}},"loc":{"start":{"line":91,"column":16},"end":{"line":101,"column":3}},"line":91},"3":{"name":"(anonymous_3)","decl":{"start":{"line":103,"column":2},"end":{"line":103,"column":3}},"loc":{"start":{"line":103,"column":22},"end":{"line":113,"column":3}},"line":103},"4":{"name":"(anonymous_4)","decl":{"start":{"line":105,"column":54},"end":{"line":105,"column":55}},"loc":{"start":{"line":105,"column":68},"end":{"line":110,"column":5}},"line":105},"5":{"name":"(anonymous_5)","decl":{"start":{"line":110,"column":13},"end":{"line":110,"column":14}},"loc":{"start":{"line":110,"column":22},"end":{"line":112,"column":5}},"line":110},"6":{"name":"(anonymous_6)","decl":{"start":{"line":115,"column":2},"end":{"line":115,"column":3}},"loc":{"start":{"line":115,"column":16},"end":{"line":117,"column":3}},"line":115},"7":{"name":"(anonymous_7)","decl":{"start":{"line":119,"column":2},"end":{"line":119,"column":3}},"loc":{"start":{"line":119,"column":16},"end":{"line":122,"column":3}},"line":119},"8":{"name":"(anonymous_8)","decl":{"start":{"line":124,"column":2},"end":{"line":124,"column":3}},"loc":{"start":{"line":124,"column":9},"end":{"line":140,"column":3}},"line":124},"9":{"name":"(anonymous_9)","decl":{"start":{"line":141,"column":2},"end":{"line":141,"column":3}},"loc":{"start":{"line":141,"column":9},"end":{"line":192,"column":3}},"line":141},"10":{"name":"(anonymous_10)","decl":{"start":{"line":194,"column":2},"end":{"line":194,"column":3}},"loc":{"start":{"line":194,"column":11},"end":{"line":198,"column":3}},"line":194}},"branchMap":{"0":{"loc":{"start":{"line":125,"column":6},"end":{"line":139,"column":7}},"type":"if","locations":[{"start":{"line":125,"column":6},"end":{"line":139,"column":7}},{"start":{"line":125,"column":6},"end":{"line":139,"column":7}}],"line":125},"1":{"loc":{"start":{"line":126,"column":10},"end":{"line":134,"column":11}},"type":"if","locations":[{"start":{"line":126,"column":10},"end":{"line":134,"column":11}},{"start":{"line":126,"column":10},"end":{"line":134,"column":11}}],"line":126},"2":{"loc":{"start":{"line":143,"column":6},"end":{"line":191,"column":7}},"type":"if","locations":[{"start":{"line":143,"column":6},"end":{"line":191,"column":7}},{"start":{"line":143,"column":6},"end":{"line":191,"column":7}}],"line":143}},"s":{"0":1,"1":1,"2":1,"3":1,"4":1,"5":1,"6":1,"7":1,"8":1,"9":1,"10":1,"11":1,"12":1,"13":1,"14":1,"15":0,"16":3,"17":3,"18":3,"19":3,"20":2,"21":2,"22":0,"23":0,"24":0,"25":0,"26":0,"27":0,"28":0,"29":0,"30":3,"31":3,"32":0,"33":3,"34":0,"35":3,"36":3,"37":0,"38":3},"f":{"0":1,"1":0,"2":3,"3":2,"4":0,"5":0,"6":0,"7":0,"8":3,"9":3,"10":3},"b":{"0":[3,0],"1":[0,3],"2":[3,0]},"_coverageSchema":"43e27e138ebf9cfc5966b082cf9a028302ed4184","hash":"c2f86ebd937d5ee66f3d84830185544599d3d8f4"}
,"/Users/kellywillard/hrsf124/Robinhood/RobinHood-About/src/Collections.jsx": {"path":"/Users/kellywillard/hrsf124/Robinhood/RobinHood-About/src/Collections.jsx","statementMap":{"0":{"start":{"line":4,"column":20},"end":{"line":7,"column":1}},"1":{"start":{"line":5,"column":17},"end":{"line":5,"column":39}},"2":{"start":{"line":6,"column":4},"end":{"line":6,"column":58}},"3":{"start":{"line":9,"column":14},"end":{"line":9,"column":27}},"4":{"start":{"line":11,"column":29},"end":{"line":17,"column":1}},"5":{"start":{"line":12,"column":4},"end":{"line":16,"column":5}},"6":{"start":{"line":13,"column":8},"end":{"line":13,"column":38}},"7":{"start":{"line":15,"column":8},"end":{"line":15,"column":37}},"8":{"start":{"line":19,"column":23},"end":{"line":19,"column":45}},"9":{"start":{"line":23,"column":16},"end":{"line":27,"column":1}},"10":{"start":{"line":29,"column":25},"end":{"line":34,"column":1}},"11":{"start":{"line":36,"column":18},"end":{"line":44,"column":1}},"12":{"start":{"line":46,"column":26},"end":{"line":48,"column":1}},"13":{"start":{"line":50,"column":17},"end":{"line":68,"column":1}},"14":{"start":{"line":74,"column":6},"end":{"line":74,"column":19}},"15":{"start":{"line":78,"column":6},"end":{"line":84,"column":7}},"16":{"start":{"line":79,"column":8},"end":{"line":83,"column":10}},"17":{"start":{"line":80,"column":12},"end":{"line":82,"column":13}},"18":{"start":{"line":88,"column":6},"end":{"line":94,"column":7}}},"fnMap":{"0":{"name":"(anonymous_0)","decl":{"start":{"line":4,"column":20},"end":{"line":4,"column":21}},"loc":{"start":{"line":4,"column":26},"end":{"line":7,"column":1}},"line":4},"1":{"name":"(anonymous_1)","decl":{"start":{"line":11,"column":29},"end":{"line":11,"column":30}},"loc":{"start":{"line":11,"column":35},"end":{"line":17,"column":1}},"line":11},"2":{"name":"(anonymous_2)","decl":{"start":{"line":73,"column":2},"end":{"line":73,"column":3}},"loc":{"start":{"line":73,"column":21},"end":{"line":75,"column":3}},"line":73},"3":{"name":"(anonymous_3)","decl":{"start":{"line":77,"column":2},"end":{"line":77,"column":3}},"loc":{"start":{"line":77,"column":19},"end":{"line":85,"column":3}},"line":77},"4":{"name":"(anonymous_4)","decl":{"start":{"line":79,"column":34},"end":{"line":79,"column":35}},"loc":{"start":{"line":79,"column":44},"end":{"line":83,"column":9}},"line":79},"5":{"name":"(anonymous_5)","decl":{"start":{"line":87,"column":2},"end":{"line":87,"column":3}},"loc":{"start":{"line":87,"column":11},"end":{"line":95,"column":3}},"line":87}},"branchMap":{"0":{"loc":{"start":{"line":12,"column":4},"end":{"line":16,"column":5}},"type":"if","locations":[{"start":{"line":12,"column":4},"end":{"line":16,"column":5}},{"start":{"line":12,"column":4},"end":{"line":16,"column":5}}],"line":12},"1":{"loc":{"start":{"line":78,"column":6},"end":{"line":84,"column":7}},"type":"if","locations":[{"start":{"line":78,"column":6},"end":{"line":84,"column":7}},{"start":{"line":78,"column":6},"end":{"line":84,"column":7}}],"line":78}},"s":{"0":1,"1":1,"2":1,"3":1,"4":1,"5":1,"6":1,"7":0,"8":1,"9":1,"10":1,"11":1,"12":1,"13":1,"14":2,"15":2,"16":0,"17":0,"18":2},"f":{"0":1,"1":1,"2":2,"3":2,"4":0,"5":2},"b":{"0":[1,0],"1":[0,2]},"_coverageSchema":"43e27e138ebf9cfc5966b082cf9a028302ed4184","hash":"e4381da2b3b83549338f9b4ab22998178c60c213"}
}
