TN:
SF:/Users/kellywillard/hrsf124/Robinhood/RobinHood-About/database/Company.js
FNF:0
FNH:0
DA:1,1
DA:2,1
DA:3,1
DA:5,1
DA:26,1
DA:28,1
LF:6
LH:6
BRF:0
BRH:0
end_of_record
TN:
SF:/Users/kellywillard/hrsf124/Robinhood/RobinHood-About/database/index.js
FNF:0
FNH:0
DA:1,1
DA:2,1
DA:4,1
DA:6,1
LF:4
LH:4
BRF:0
BRH:0
end_of_record
TN:
SF:/Users/kellywillard/hrsf124/Robinhood/RobinHood-About/src/About.jsx
FN:7,(anonymous_0)
FN:20,(anonymous_1)
FN:32,(anonymous_2)
FN:34,(anonymous_3)
FN:37,(anonymous_4)
FN:42,(anonymous_5)
FN:46,(anonymous_6)
FN:50,(anonymous_7)
FN:67,(anonymous_8)
FN:120,(anonymous_9)
FNF:10
FNH:8
FNDA:6,(anonymous_0)
FNDA:5,(anonymous_1)
FNDA:5,(anonymous_2)
FNDA:0,(anonymous_3)
FNDA:0,(anonymous_4)
FNDA:2,(anonymous_5)
FNDA:2,(anonymous_6)
FNDA:19,(anonymous_7)
FNDA:19,(anonymous_8)
FNDA:19,(anonymous_9)
DA:8,6
DA:9,6
DA:16,6
DA:17,6
DA:21,5
DA:22,5
DA:23,5
DA:24,5
DA:25,2
DA:27,3
DA:33,5
DA:34,5
DA:35,0
DA:36,0
DA:43,2
DA:47,2
DA:51,19
DA:52,17
DA:53,6
DA:57,11
DA:62,2
DA:69,19
DA:70,17
DA:91,2
DA:121,19
LF:25
LH:23
BRDA:24,0,0,2
BRDA:24,0,1,3
BRDA:51,1,0,17
BRDA:51,1,1,2
BRDA:52,2,0,6
BRDA:52,2,1,11
BRDA:69,3,0,17
BRDA:69,3,1,2
BRF:8
BRH:8
end_of_record
TN:
SF:/Users/kellywillard/hrsf124/Robinhood/RobinHood-About/src/Collections.jsx
FN:6,(anonymous_0)
FN:13,(anonymous_1)
FN:22,(anonymous_2)
FN:28,(anonymous_3)
FN:30,(anonymous_4)
FN:38,(anonymous_5)
FNF:6
FNH:4
FNDA:8,(anonymous_0)
FNDA:0,(anonymous_1)
FNDA:0,(anonymous_2)
FNDA:21,(anonymous_3)
FNDA:8,(anonymous_4)
FNDA:21,(anonymous_5)
DA:7,8
DA:9,8
DA:10,8
DA:14,0
DA:15,0
DA:16,0
DA:18,0
DA:23,0
DA:24,0
DA:29,21
DA:30,2
DA:31,8
DA:39,21
LF:13
LH:7
BRDA:15,0,0,0
BRDA:15,0,1,0
BRDA:29,1,0,2
BRDA:29,1,1,19
BRF:4
BRH:2
end_of_record
TN:
SF:/Users/kellywillard/hrsf124/Robinhood/RobinHood-About/src/styled-components/About-style.js
FNF:0
FNH:0
DA:3,1
DA:5,1
DA:11,1
DA:16,1
DA:20,1
DA:27,1
DA:35,1
DA:42,1
DA:48,1
DA:55,1
DA:65,1
DA:72,1
LF:12
LH:12
BRF:0
BRH:0
end_of_record
TN:
SF:/Users/kellywillard/hrsf124/Robinhood/RobinHood-About/src/styled-components/Collections-style.js
FNF:0
FNH:0
DA:3,2
DA:5,2
DA:11,2
DA:18,2
DA:28,2
DA:32,2
LF:6
LH:6
BRF:0
BRH:0
end_of_record
