TN:
SF:/Users/kellywillard/hrsf124/Robinhood/RobinHood-About/database/Company.js
FNF:0
FNH:0
DA:1,1
DA:2,1
DA:3,1
DA:5,1
DA:26,1
DA:28,1
LF:6
LH:6
BRF:0
BRH:0
end_of_record
TN:
SF:/Users/kellywillard/hrsf124/Robinhood/RobinHood-About/database/index.js
FNF:0
FNH:0
DA:1,1
DA:2,1
DA:4,1
DA:6,1
LF:4
LH:4
BRF:0
BRH:0
end_of_record
TN:
SF:/Users/kellywillard/hrsf124/Robinhood/RobinHood-About/src/About.jsx
FN:6,(anonymous_0)
FN:82,(anonymous_1)
FN:91,(anonymous_2)
FN:103,(anonymous_3)
FN:105,(anonymous_4)
FN:110,(anonymous_5)
FN:115,(anonymous_6)
FN:119,(anonymous_7)
FN:124,(anonymous_8)
FN:141,(anonymous_9)
FN:194,(anonymous_10)
FNF:11
FNH:6
FNDA:1,(anonymous_0)
FNDA:0,(anonymous_1)
FNDA:3,(anonymous_2)
FNDA:2,(anonymous_3)
FNDA:0,(anonymous_4)
FNDA:0,(anonymous_5)
FNDA:0,(anonymous_6)
FNDA:0,(anonymous_7)
FNDA:3,(anonymous_8)
FNDA:3,(anonymous_9)
FNDA:3,(anonymous_10)
DA:6,1
DA:7,1
DA:8,1
DA:11,1
DA:13,1
DA:19,1
DA:24,1
DA:28,1
DA:35,1
DA:43,1
DA:51,1
DA:57,1
DA:65,1
DA:75,1
DA:82,1
DA:92,3
DA:93,3
DA:99,3
DA:100,3
DA:104,2
DA:105,2
DA:106,0
DA:107,0
DA:108,0
DA:109,0
DA:111,0
DA:116,0
DA:120,0
DA:121,0
DA:125,3
DA:126,3
DA:127,0
DA:131,3
DA:136,0
DA:143,3
DA:144,3
DA:165,0
DA:195,3
LF:38
LH:27
BRDA:125,0,0,3
BRDA:125,0,1,0
BRDA:126,1,0,0
BRDA:126,1,1,3
BRDA:143,2,0,3
BRDA:143,2,1,0
BRF:6
BRH:3
end_of_record
TN:
SF:/Users/kellywillard/hrsf124/Robinhood/RobinHood-About/src/Collections.jsx
FN:4,(anonymous_0)
FN:11,(anonymous_1)
FN:73,(anonymous_2)
FN:77,(anonymous_3)
FN:79,(anonymous_4)
FN:87,(anonymous_5)
FNF:6
FNH:5
FNDA:1,(anonymous_0)
FNDA:1,(anonymous_1)
FNDA:2,(anonymous_2)
FNDA:2,(anonymous_3)
FNDA:0,(anonymous_4)
FNDA:2,(anonymous_5)
DA:4,1
DA:5,1
DA:6,1
DA:9,1
DA:11,1
DA:12,1
DA:13,1
DA:15,0
DA:19,1
DA:23,1
DA:29,1
DA:36,1
DA:46,1
DA:50,1
DA:74,2
DA:78,2
DA:79,0
DA:80,0
DA:88,2
LF:19
LH:16
BRDA:12,0,0,1
BRDA:12,0,1,0
BRDA:78,1,0,0
BRDA:78,1,1,2
BRF:4
BRH:2
end_of_record
